-18636
27 98 -95
47 78 -100
16 51 -98
87 88 -96
51 6 -96
88 78 -88
26 16 -93
26 23 -97
4 2 -90
3 66 -92
52 48 -93
74 73 -100
42 72 -91
88 79 -91
1 47 -86
72 98 -90
77 47 -97
84 50 -81
86 91 -69
68 79 -86
54 88 -97
71 68 -84
0 83 -89
23 82 -89
95 37 -71
45 6 -82
46 84 -86
49 6 -84
78 6 -79
66 9 -84
73 25 -93
90 32 -92
66 14 -100
97 54 -62
3 91 -54
31 84 -64
25 9 -88
20 82 -93
48 87 -76
84 45 -88
98 94 -84
96 42 -80
10 90 -77
93 4 -81
48 14 -96
22 52 -49
81 19 -72
34 68 -73
21 32 -75
21 47 -78
72 69 -91
21 84 -85
22 3 -88
34 60 -79
93 3 -89
80 68 -84
14 30 -72
6 1 -77
87 81 -80
1 79 -60
95 5 -59
69 85 -39
12 71 -52
37 45 -99
60 91 -55
29 99 -66
29 60 -66
64 42 -74
28 9 -70
2 42 -66
60 86 -70
2 95 -41
7 19 -34
46 13 -82
47 82 -57
34 77 -98
84 41 -93
6 52 -84
6 56 -60
46 74 -47
3 56 -46
98 93 -45
75 69 -80
7 65 -70
63 66 -68
88 55 -82
97 27 -93
88 97 -74
6 77 -87
14 97 -83
54 97 -55
35 34 -60
80 66 -75
2 49 -79
85 23 -96
94 13 -79
66 49 -65
76 86 -80
40 4 -56
40 69 -56
96 78 -74
58 10 -74
67 49 -86
99 81 -64
86 74 -52
99 67 -61
94 74 -94
2 80 -80
18 83 -53
96 46 -84
94 24 -79
94 39 -74
18 24 -33
14 54 -52
88 33 -61
35 22 -96
47 62 -28
19 47 -51
19 7 -63
60 33 -73
42 21 -51
16 97 -69
16 39 -90
4 66 -52
16 30 -94
69 4 -34
22 33 -55
87 31 -43
0 58 -43
55 35 -32
50 83 -98
50 66 -92
27 55 -85
46 66 -51
3 46 -51
21 72 -91
37 33 -87
18 34 -35
57 74 -33
57 97 -96
85 57 -94
16 1 -93
59 48 -92
79 51 -84
15 53 -52
59 47 -35
24 11 -24
59 20 -78
15 72 -75
17 55 -45
50 60 -66
59 76 -38
50 76 -85
30 55 -35
15 20 -87
19 55 -26
85 3 -59
79 58 -69
51 91 -40
82 48 -52
82 97 -87
85 69 -91
7 17 -31
45 95 -57
23 56 -84
79 3 -46
34 23 -24
82 38 -61
57 41 -75
51 97 -62
0 63 -54
81 13 -31
59 23 -33
59 79 -45
48 53 -74
0 12 -50
85 86 -87
89 4 -80
87 1 -100
85 46 -65
10 12 -89
71 10 -39
61 49 -97
14 1 -56
94 55 -37
65 58 -98
30 84 -55
43 12 -87
52 86 -62
52 22 -53
5 92 -52
31 12 -77
70 77 -60
95 22 -51
61 54 -47
59 8 -55
70 17 -33
47 56 -39
20 54 -66
18 2 -42
18 95 -83
61 66 -53
40 41 -93
20 55 -74
84 75 -53
51 98 -72
16 25 -33
61 25 -75
85 8 -56
46 12 -52
39 46 -41
90 23 -48
50 46 -61
68 23 -72
90 22 -78
76 33 -37
76 55 -67
13 76 -12
20 69 -57
61 30 -67
63 37 -19
64 35 -19
72 36 -11
30 35 -36
76 66 -41
47 36 -43
43 67 -54
47 37 -47
69 25 -53
89 37 -52
74 32 -23
74 40 -26
74 76 -2
74 80 -44
49 34 -44
74 56 -38
20 47 3
43 65 -97
53 65 -70
92 55 -59
68 92 -58
5 31 -54
89 84 -44
58 6 -40
2 60 -47
79 26 -86
93 24 -83
43 84 -63
70 8 -88
49 24 -92
80 54 -26
97 35 -47
34 86 -29
26 58 3
75 95 -43
45 2 3
56 95 -57
83 31 -79
53 52 -86
83 72 -68
59 24 -55
40 76 -88
50 6 -63
13 50 -34
11 66 -25
81 59 -25
25 59 -13
40 58 -15
81 65 -46
21 56 -37
83 39 -47
15 45 -59
69 89 1
79 30 -57
79 25 -9
72 17 -28
60 75 -26
61 93 -36
50 35 -31
65 30 -30
53 93 -70
53 54 -82
83 20 -95
75 44 -88
90 6 -51
90 89 -43
53 80 -44
68 52 -71
56 84 -32
67 84 -51
0 27 -23
16 61 -3
99 27 -99
99 61 -7
96 88 -98
20 27 -79
53 43 -49
43 49 -25
18 94 -35
4 1 -34
79 71 -62
15 14 -37
80 97 -22
2 27 -49
41 92 -47
39 63 -44
76 63 -60
53 14 -45
38 30 -26
95 14 -38
93 63 -73
40 94 -24
47 88 -75
47 5 -33
69 88 -50
43 47 -32
72 73 14
61 71 -74
6 35 -38
6 14 -43
41 39 -39
61 6 14
20 64 -34
92 2 -40
92 81 -25
95 69 -25
72 53 -1
34 7 -29
9 77 -59
75 24 -4
14 88 -37
52 97 -50
12 56 2
46 35 -20
23 25 -84
37 27 -21
37 59 -18
91 3 -99
91 48 -39
78 67 -56
78 57 -18
78 22 -61
86 71 -29
86 89 -9
23 69 -12
91 76 -64
15 13 -35
23 72 -27
37 44 -14
40 64 10
17 56 -24
10 88 -73
78 10 -55
25 72 -2
46 8 -16
13 64 14
99 96 -57
68 93 -70
94 64 -71
94 83 7
45 29 -56
54 29 -38
3 67 -6
78 75 17
22 82 -14
98 24 -30
54 98 -11
63 73 -64
91 73 19
17 39 -4
98 44 2
27 89 22
78 11 -63
78 96 16
32 56 2
68 7 -42
23 15 -27
24 50 22
18 28 -17
17 28 -52
88 63 -16
33 35 -22
33 72 -25
59 12 -1
17 54 -7
11 93 -21
85 96 11
59 28 -70
70 7 -91
70 73 -20
5 70 -16
59 5 3
63 3 12
75 84 -5
62 47 -32
62 45 -80
62 39 -98
62 24 -73
84 98 -31
3 77 36
4 14 -67
0 16 -19
43 7 -26
86 99 -8
16 99 4
57 59 7
10 99 -25
55 92 8
55 52 -5
57 52 -3
21 25 2
93 18 11
32 30 -55
32 27 -70
97 56 -3
82 92 12
97 60 -24
97 2 -36
13 19 -21
39 76 -38
8 51 -10
8 79 -3
89 54 11
12 58 5
39 18 0
72 16 -23
61 96 11
21 41 0
12 48 -8
29 75 12
91 52 -13
83 63 17
89 64 -10
12 2 -3
73 64 -6
45 63 20
12 73 -2
12 24 2
78 41 -19
17 79 2
32 2 -7
66 18 -25
89 12 6
10 94 11
21 51 18
72 45 20
54 18 -26
76 16 14
29 26 -42
55 81 -21
85 93 40
62 52 -41
97 39 20
71 89 15
2 15 5
90 41 34
16 79 15
79 46 20
2 18 -4
89 32 30
54 76 28
31 26 -20
40 26 3
31 19 -23
56 37 -32
31 92 5
99 68 17
0 43 36
89 98 -24
61 38 27
12 64 14
83 74 16
40 51 30
4 81 18
7 28 -19
4 26 -36
4 42 -30
4 69 -21
6 64 -87
82 43 -8
6 16 6
1 76 0
73 72 16
39 8 -2
64 72 19
3 65 -25
19 81 5
57 93 15
71 31 31
56 89 17
58 93 -3
4 67 53
58 28 44
46 37 16
47 93 -74
15 51 -14
58 50 7
78 84 53
94 16 19
64 95 22
3 10 20
10 79 22
76 29 34
16 92 39
16 17 34
0 20 -12
46 23 -6
3 8 -83
53 8 -38
53 68 -32
53 82 11
97 11 12
4 94 27
4 61 10
7 4 31
46 3 35
67 35 18
48 15 -30
67 58 -9
9 5 -68
1 94 31
2 64 7
5 64 31
67 66 -53
67 41 12
9 48 -6
59 94 -6
59 68 16
7 10 33
19 25 45
60 79 19
49 93 15
24 79 6
55 85 26
38 85 -59
20 85 -46
67 99 21
8 74 35
75 77 45
43 62 46
50 79 2
86 42 32
3 19 25
54 22 -28
40 22 28
92 99 26
92 10 25
93 85 -32
56 42 -3
0 21 8
30 45 -58
67 4 15
67 70 22
80 11 43
63 10 59
60 63 -77
63 74 2
14 74 2
84 69 25
83 54 47
63 72 43
4 70 42
50 70 -76
89 92 19
89 53 50
25 71 52
33 39 39
26 65 35
17 95 -25
89 22 40
27 8 55
56 22 -22
44 51 42
44 50 30
98 25 20
21 68 62
8 23 49
29 64 51
78 28 73
31 2 0
58 2 -38
20 61 50
29 90 46
32 88 -19
32 92 -22
58 81 16
58 23 8
28 84 32
47 50 18
62 71 40
60 49 26
23 64 55
40 6 51
58 96 -2
96 25 25
75 6 24
2 62 74
92 95 4
23 95 7
38 20 6
59 11 8
21 34 36
51 47 53
97 94 79
12 22 7
92 61 19
50 98 -20
61 11 59
39 64 29
50 26 -44
50 72 1
50 15 19
53 97 22
14 26 40
62 95 -61
39 82 35
62 98 37
14 98 10
11 54 55
21 97 83
29 46 53
52 46 35
63 86 31
37 61 45
81 26 35
81 90 30
96 59 54
82 27 55
98 82 58
36 72 -49
19 12 38
36 54 -89
60 84 60
67 90 13
28 15 53
28 11 47
48 90 -40
56 61 -10
66 4 67
2 97 51
93 12 44
67 9 16
20 32 75
12 53 51
89 83 51
49 71 44
83 61 96
36 84 29
48 76 14
49 30 35
28 34 14
24 34 36
64 67 56
39 20 54
20 42 98
66 46 37
99 3 61
47 20 -3
79 77 53
35 72 -23
35 61 11
60 93 53
37 50 38
31 42 25
31 96 40
75 43 45
13 55 24
66 55 -6
27 20 21
