-5673
28 7 -100
29 21 -96
4 2 -98
1 7 -95
20 6 -98
12 16 -90
17 10 -98
1 4 -95
11 29 -85
21 10 -84
22 19 -97
25 5 -96
21 17 -89
27 7 -81
25 3 -97
29 9 -99
10 9 -100
10 4 -79
17 19 -91
27 19 -80
14 23 -100
23 20 -94
0 20 -75
10 16 -87
16 7 -93
0 18 -91
3 29 -74
17 3 -93
27 26 -92
3 26 -80
0 15 -94
15 25 -88
0 17 -92
10 8 -99
9 28 -93
28 5 -91
15 22 -82
25 6 -72
2 9 -93
20 25 -86
29 11 -92
2 26 -91
2 23 -88
22 25 -78
17 11 -78
14 9 -80
14 11 -90
6 29 -92
17 27 -90
14 27 -100
9 6 -73
9 20 -68
17 14 -67
8 21 -82
6 28 -77
13 28 -68
16 19 -84
16 11 -95
7 27 -100
4 13 -98
5 11 -99
4 16 -78
24 8 -91
2 29 -72
25 26 -73
7 29 -95
12 19 -64
29 19 -64
7 12 -88
5 14 -74
19 11 -91
19 26 -89
9 23 -88
24 3 -97
24 17 -71
0 8 -61
15 28 -62
16 23 -66
14 19 -61
13 23 -68
12 21 -65
19 12 -80
19 29 -92
23 3 -67
28 29 -67
17 25 -62
19 14 -76
24 4 -70
12 3 -77
12 2 -75
12 1 -91
6 16 -66
6 14 -68
6 20 -71
19 3 -67
27 20 -73
27 29 -76
1 8 -81
0 9 -67
28 9 -63
9 13 -55
0 4 -65
24 12 -58
21 12 -60
16 2 -65
16 28 -50
16 5 -91
21 27 -68
21 25 -65
24 7 -60
23 17 -79
16 17 -92
21 6 -71
16 21 -56
2 17 -68
18 11 -59
13 7 -74
13 6 -70
18 29 -70
0 10 -91
1 10 -49
23 15 -90
16 15 -81
8 5 -45
1 16 -50
29 10 -67
29 13 -68
29 27 -45
29 3 -84
29 8 -55
24 22 -53
18 16 -87
1 24 -54
27 5 -66
2 22 -67
28 15 -94
27 22 -83
18 8 -48
3 16 -62
18 20 -42
4 10 -91
22 16 -42
6 26 -49
6 15 -87
10 24 -46
2 21 -54
0 16 -39
4 24 -58
17 15 -100
3 28 -59
21 18 -49
17 6 -57
19 24 -38
14 16 -63
11 7 -71
12 20 -42
11 4 -49
11 9 -55
11 14 -60
24 25 -37
11 2 -72
12 28 -55
11 28 -63
12 18 -37
24 18 -44
11 27 -56
11 23 -52
12 24 -37
20 26 -37
7 9 -47
9 26 -33
23 7 -33
2 27 -46
25 27 -42
25 14 -44
25 22 -50
25 7 -38
25 4 -55
25 24 -65
25 2 -45
25 8 -69
6 18 -30
10 11 -46
18 6 -41
25 1 -82
14 22 -49
0 26 -29
0 12 -37
3 7 -32
22 7 -44
4 29 -40
13 15 -63
2 28 -29
28 14 -28
18 27 -27
13 9 -60
13 22 -74
13 5 -55
6 3 -44
13 3 -78
18 9 -25
5 24 -56
11 15 -24
27 24 -32
22 29 -45
22 24 -31
20 24 -61
11 18 -30
11 1 -85
9 24 -65
26 29 -55
26 15 -92
9 2 -55
14 2 -47
13 1 -75
13 21 -38
13 8 -77
24 2 -34
9 10 -75
9 18 -40
18 10 -30
0 21 -20
19 10 -34
10 26 -22
12 25 -32
14 18 -34
26 5 -77
26 18 -56
1 14 -22
20 18 -56
23 24 -20
8 4 -38
8 28 -47
22 28 -21
1 21 -38
26 16 -48
27 18 -35
7 17 -59
7 28 -49
22 8 -33
22 23 -60
24 26 -25
0 11 -22
0 13 -21
6 19 -21
23 19 -63
20 3 -38
20 19 -32
1 11 -19
25 21 -24
6 10 -46
12 10 -35
25 19 -46
1 9 -22
20 12 -29
17 2 -17
20 23 -56
0 6 -17
25 23 -32
28 24 -21
5 16 -28
4 18 -13
5 8 -85
5 27 -30
25 11 -15
7 13 -28
20 17 -12
16 18 -32
16 6 -20
16 4 -26
16 8 -45
8 10 -24
27 15 -12
7 23 -36
7 6 -28
8 23 -48
27 23 -55
2 4 -22
1 12 -16
3 5 -7
12 17 -11
27 17 -39
3 11 -33
11 17 -15
12 13 -7
3 21 -6
8 12 -43
6 5 -12
17 16 -11
1 20 -20
16 29 -6
4 23 -10
29 26 -9
29 14 -30
13 26 -7
3 22 -17
2 7 -26
10 29 -4
19 17 -15
23 6 -10
14 24 -25
11 22 -16
20 22 -19
19 20 -2
18 24 -20
6 17 -2
18 4 -28
18 19 -28
25 18 0
22 21 1
24 29 1
16 22 -50
4 12 -23
1 15 3
5 12 -49
16 20 -23
24 14 -1
24 21 -13
24 23 -32
24 19 -44
5 23 -22
5 21 -17
19 9 -10
2 11 -14
13 12 -20
17 23 -5
2 16 -5
24 6 -40
14 10 -32
13 10 -17
22 12 -6
4 9 -7
4 19 -2
4 27 -20
0 24 4
13 27 -13
3 6 0
13 19 -6
13 17 6
5 19 -13
3 13 11
11 13 6
14 17 -87
19 6 0
27 3 -4
20 29 7
14 13 -6
16 13 9
20 14 3
8 27 -7
16 27 6
24 5 14
23 14 6
11 3 -2
8 9 1
7 10 -3
21 22 -2
7 18 5
12 23 2
2 20 13
12 9 -15
12 8 -6
23 5 2
28 8 13
22 18 18
9 7 18
6 23 11
6 22 8
9 27 23
9 22 18
14 4 -21
14 6 15
28 18 23
13 11 12
0 14 25
3 24 16
11 24 20
15 6 17
0 25 7
2 25 -9
14 28 -31
14 25 -26
15 26 12
28 25 5
15 23 12
15 18 9
15 10 3
15 17 -10
15 27 -42
17 18 26
8 20 19
25 15 25
20 9 14
17 21 11
18 22 17
18 21 28
17 4 -8
0 7 29
18 5 1
15 29 28
15 20 -35
5 10 30
15 21 -6
11 21 30
12 26 30
5 9 20
5 20 29
6 24 22
21 20 22
2 14 23
3 14 20
8 25 27
18 25 10
10 7 24
15 7 -46
15 14 1
14 7 31
10 6 16
15 11 -43
21 11 -19
10 5 -3
10 27 -14
3 8 28
2 12 19
2 18 34
3 18 28
5 4 11
5 25 -64
5 3 -9
25 10 31
27 14 25
27 9 10
0 22 37
26 23 -20
19 15 37
9 15 25
4 28 -25
29 22 25
29 20 36
29 18 22
29 7 -4
29 28 -27
29 12 -16
29 24 -31
29 25 28
29 15 18
29 2 -34
24 10 30
8 7 42
0 29 39
1 29 39
18 7 37
18 26 35
9 8 39
24 15 25
2 5 36
24 9 23
27 1 -2
27 28 -15
27 25 -33
27 13 15
27 2 25
16 25 -7
24 13 23
11 25 -11
11 19 -3
3 10 45
8 6 43
9 21 30
9 17 27
4 20 44
24 16 10
11 12 21
20 21 25
0 27 44
20 5 20
20 16 11
20 8 33
20 4 0
14 12 34
9 16 16
28 17 48
18 17 11
28 23 45
18 28 -21
10 21 32
29 23 47
21 29 46
4 26 51
12 7 47
24 11 36
10 15 28
26 17 -22
1 2 52
4 11 18
9 11 28
11 26 52
12 27 35
25 20 47
25 13 37
15 19 9
9 19 6
4 8 44
16 26 48
14 26 55
21 28 19
23 29 49
23 18 29
23 8 26
23 22 42
23 27 48
23 9 47
23 10 37
23 13 23
23 4 -5
23 2 -12
23 28 -13
1 25 54
23 25 -9
2 10 58
17 8 49
17 28 30
22 26 59
0 23 60
29 17 46
19 7 54
8 26 55
17 26 51
3 15 60
3 19 60
16 14 46
3 25 36
4 14 26
4 25 10
12 6 60
6 21 31
6 7 56
6 8 34
2 24 41
15 9 38
5 18 43
9 25 -14
1 23 56
2 15 66
6 11 17
6 25 17
6 27 26
13 24 39
6 9 29
6 13 34
18 15 59
16 10 53
8 17 59
6 12 44
6 4 34
8 3 62
8 18 57
8 13 37
14 5 54
8 15 35
11 20 67
27 10 47
11 10 51
7 26 51
7 21 24
1 18 70
19 28 61
19 21 68
19 22 59
17 12 66
29 4 43
1 3 72
19 18 48
19 13 26
19 5 51
16 9 65
25 9 68
27 11 53
27 16 53
17 22 43
1 26 75
2 8 68
19 8 56
5 15 73
7 8 -23
25 29 58
1 17 76
7 14 33
17 7 66
17 5 39
20 13 33
1 27 74
0 5 77
17 20 43
17 13 44
15 12 51
4 21 78
5 13 62
15 13 41
28 26 64
28 10 69
5 7 79
7 24 16
7 20 42
2 19 70
22 10 64
12 14 55
4 5 72
15 5 70
2 13 81
20 28 77
26 7 54
14 21 79
0 19 82
1 19 82
26 10 -39
26 21 21
26 22 -80
1 5 83
26 9 -58
26 14 -4
26 8 36
21 23 83
26 24 48
21 7 57
28 22 38
3 20 81
28 21 59
0 2 85
26 13 13
28 13 63
5 29 85
26 20 -32
26 12 -74
13 29 83
13 25 79
13 18 67
13 4 56
0 1 87
0 3 87
13 2 -4
3 9 86
3 17 82
24 20 74
4 17 68
4 15 78
23 21 67
23 12 65
23 26 70
26 25 -60
23 16 82
26 19 -10
28 12 72
29 16 49
1 28 91
2 3 91
3 27 69
24 28 83
26 27 0
3 4 92
12 15 78
17 29 91
24 27 64
12 5 78
11 16 62
29 5 75
12 4 65
22 9 52
14 8 71
22 20 23
2 6 94
11 8 94
7 22 68
28 27 68
5 22 95
19 27 90
5 28 84
1 13 86
5 26 80
22 27 32
0 28 96
4 7 96
14 20 76
1 6 97
7 25 -14
1 22 99
4 22 99
19 25 68
3 12 92
3 23 89
5 17 92
15 16 81
22 17 69
22 13 21
8 14 97
8 16 67
8 22 75
19 16 57
10 13 28
