-62149
219 12 -99
304 164 -80
173 383 -99
55 37 -99
461 370 -93
176 254 -98
263 198 -94
414 480 -76
355 375 -98
24 100 -98
272 420 -99
294 334 -99
71 285 -95
301 469 -98
312 379 -98
151 262 -99
311 370 -95
61 84 -94
449 13 -93
301 178 -97
93 253 -94
462 18 -96
125 154 -99
77 43 -93
227 62 -99
228 254 -98
9 133 -98
428 44 -76
56 167 -94
493 39 -100
317 227 -94
279 423 -85
151 414 -100
368 438 -98
383 80 -86
383 292 -94
166 390 -91
316 479 -91
111 398 -96
399 35 -74
245 460 -69
363 82 -90
201 156 -95
312 248 -84
304 148 -87
394 312 -69
221 150 -90
462 147 -90
7 336 -77
483 411 -99
389 220 -94
372 229 -95
221 355 -66
188 358 -88
179 17 -68
410 261 -95
138 328 -94
471 348 -75
317 113 -81
27 375 -89
476 113 -98
316 55 -93
432 480 -89
489 360 -86
35 79 -84
35 64 -96
371 228 -74
455 82 -76
85 191 -88
19 492 -88
43 62 -80
411 1 -97
126 284 -100
194 452 -88
298 349 -99
341 466 -72
152 357 -97
248 251 -60
177 421 -98
207 78 -89
61 485 -99
96 60 -93
462 74 -92
462 406 -85
455 436 -87
300 419 -93
323 318 -99
357 237 -100
357 399 -87
276 260 -93
427 105 -99
118 262 -86
311 118 -86
330 226 -93
330 365 -100
474 25 -82
470 62 -66
35 474 -44
357 474 -97
476 477 -92
311 144 -84
407 144 -89
36 162 -82
125 464 -73
183 210 -82
121 303 -79
154 170 -80
332 170 -89
52 436 -68
383 196 -78
317 89 -93
98 78 -80
428 85 -69
294 397 -76
70 362 -98
245 389 -84
98 7 -99
455 298 -83
437 131 -76
277 492 -85
106 166 -72
371 31 -92
443 148 -100
428 259 -94
2 201 -88
83 339 -69
98 195 -70
491 362 -74
443 462 -94
222 462 -72
467 49 -91
301 24 -95
455 281 -99
393 110 -90
213 355 -90
213 59 -95
375 233 -90
283 324 -61
50 336 -89
325 143 -75
190 174 -90
191 493 -83
496 390 -70
135 270 -96
70 6 -96
494 269 -50
143 461 -74
262 292 -76
452 311 -74
206 173 -89
473 295 -67
481 295 -72
347 293 -87
254 462 -83
400 445 -66
76 445 -68
312 33 -76
467 214 -86
458 77 -95
461 23 -93
324 146 -98
477 200 -41
20 423 -79
254 420 -85
175 430 -96
79 24 -65
443 123 -82
161 193 -100
209 3 -93
144 330 -81
289 188 -80
76 33 -96
136 199 -69
157 337 -63
224 446 -66
5 69 -40
410 174 -87
236 442 -74
294 490 -82
433 85 -90
463 428 -64
479 144 -77
346 269 -97
122 45 -66
63 237 -67
346 131 -100
12 282 -82
12 346 -96
100 332 -60
313 451 -60
419 4 -74
311 410 -57
431 164 -67
445 410 -61
168 454 -45
332 143 -57
469 453 -86
183 31 -78
438 454 -85
73 93 -71
236 146 -84
236 3 -84
431 463 -75
343 159 -85
186 60 -32
330 16 -72
98 325 -75
236 431 -62
267 235 -93
78 263 -89
383 115 -66
312 240 -63
452 407 -68
424 13 -63
494 106 -56
11 106 -97
370 222 -57
406 325 -84
313 29 -60
370 180 -66
27 40 -76
282 194 -82
282 375 -81
445 111 -67
191 217 -80
150 147 -63
113 427 -43
138 486 -78
59 477 -96
424 245 -100
352 27 -62
481 458 -72
345 341 -70
493 395 -79
473 26 -66
107 335 -88
163 395 -80
370 378 -73
113 335 -54
48 449 -88
365 185 -61
8 246 -72
131 426 -67
48 298 -60
485 206 -65
48 15 -78
349 92 -89
253 295 -97
349 253 -74
199 328 -68
111 7 -49
200 237 -96
131 54 -86
281 296 -36
132 474 -97
306 430 -81
433 430 -48
293 216 -95
248 400 -53
447 284 -96
33 29 -73
199 61 -62
105 436 -99
313 68 -62
132 45 -85
227 318 -69
47 340 -95
205 46 -75
44 222 -82
50 482 -99
255 245 -48
371 499 -91
169 242 -77
336 219 -72
463 365 -54
48 349 -42
18 481 -62
467 22 -96
463 461 -61
113 79 -54
182 50 -79
405 79 -68
214 496 -33
290 104 -62
433 125 -85
311 419 -54
70 135 -68
22 79 -71
74 110 -78
449 120 -76
391 178 -75
328 378 -60
11 373 -98
327 308 -98
46 328 -55
1 278 -53
1 400 -53
488 245 -99
105 343 -50
334 278 -48
388 79 -64
334 337 -64
84 443 -80
38 235 -77
155 444 -54
326 30 -85
495 413 -75
24 404 -50
428 125 -73
285 291 -66
442 301 -89
325 36 -70
312 440 -93
464 74 -66
263 397 -63
474 43 -70
487 468 -100
487 474 -59
293 215 -58
477 486 -68
152 361 -71
326 341 -62
292 414 -65
109 256 -54
293 8 -52
401 197 -40
82 188 -56
101 308 -99
81 19 -77
101 388 -86
376 393 -69
143 444 -53
493 315 -79
5 468 -61
483 141 -79
473 62 -9
251 122 -62
9 234 -96
390 239 -100
274 451 -50
200 205 -72
390 395 -84
318 449 -93
471 4 -74
45 471 -71
227 354 -45
105 17 -89
216 212 -83
483 239 -87
330 435 -63
232 187 -69
20 344 -69
243 177 -89
191 177 -42
442 152 -40
216 395 -53
455 342 -82
45 316 -67
84 470 -51
432 195 -50
157 10 -49
445 215 -68
153 165 -65
74 449 -55
40 208 -76
303 219 -70
189 384 -58
58 279 -66
459 279 -99
90 245 -63
164 453 -62
450 354 -42
450 396 -29
331 256 -66
0 448 -67
124 107 -78
236 411 -88
438 408 -93
222 279 -53
90 352 -84
124 318 -75
124 196 -70
252 279 -45
158 476 -65
120 87 -45
203 439 -84
480 345 -57
345 52 -38
392 417 -74
46 466 -71
360 349 -46
25 15 -63
344 476 -75
25 61 -52
479 181 -94
305 384 -72
74 28 -56
198 460 -71
486 373 -35
414 289 -62
340 466 -45
44 35 -56
497 81 -79
115 495 -44
236 454 -97
12 454 -68
357 73 -63
295 293 -50
348 55 -73
210 252 -50
118 464 -59
233 143 -91
74 81 -43
487 107 -68
201 174 -64
17 294 -56
109 179 -62
162 125 -74
256 46 -13
208 256 -93
162 171 -85
465 402 -68
148 43 -56
244 478 -97
338 44 -48
247 249 -65
174 163 -53
82 392 -70
351 309 -68
82 316 -91
26 179 -87
439 344 -43
196 397 -42
434 356 -81
153 30 -65
180 495 -54
238 326 -41
435 448 -88
118 255 -93
302 179 -46
5 326 -54
315 393 -59
149 35 -82
377 483 -59
493 143 -51
310 199 -48
469 437 -43
443 469 -39
315 437 -36
195 140 -70
15 328 -38
34 497 -37
393 197 -35
385 250 -38
52 31 -53
29 429 -37
299 76 -68
40 367 -13
186 54 -66
50 256 -95
490 301 -71
233 435 -75
253 252 -66
418 118 -42
142 140 -65
198 92 -81
205 44 -42
137 325 -98
224 10 -61
284 297 -69
454 250 -79
292 232 -39
488 232 -76
423 454 -59
294 107 -55
345 117 -99
184 434 -43
311 275 -74
441 116 -39
434 332 -42
388 215 -42
139 415 -43
390 200 -53
16 461 -55
157 280 -53
27 19 -41
455 93 -54
442 325 -60
60 229 -52
60 108 -41
156 179 -66
89 485 -40
59 43 -31
49 30 -62
147 214 -61
408 411 -66
124 11 -62
481 171 -69
370 11 -55
41 95 -38
252 22 -39
395 356 -67
59 195 -83
488 325 -78
231 254 -85
57 280 -58
262 443 -68
240 66 -57
189 373 -78
428 278 -66
16 92 -66
214 262 -48
284 361 -45
357 184 -38
81 311 -41
120 499 -87
30 24 -56
431 36 -36
432 21 -60
193 373 -59
357 276 -49
395 26 -41
291 126 -44
299 373 -94
291 76 -75
85 362 -70
362 74 -38
35 109 -67
25 497 -44
423 400 -77
64 207 -99
472 229 -87
447 95 -48
193 240 -69
31 73 -36
394 11 -36
303 109 -56
239 21 -50
90 202 -65
392 189 -67
294 157 -34
240 341 -29
460 469 -21
25 86 -76
32 394 -32
239 207 -47
29 308 -27
374 95 -36
79 221 -54
257 442 -38
220 246 -31
296 440 -93
16 246 -64
223 290 -27
289 115 -34
206 146 -45
309 204 -58
309 132 -68
295 70 -62
196 154 -79
389 196 -73
45 438 -85
235 2 -78
375 388 -71
184 2 -61
55 76 -64
110 348 -34
209 145 -71
236 333 -40
372 336 -37
336 171 -34
60 184 -46
479 282 -65
351 282 -91
220 370 -84
222 45 -32
38 42 -47
90 313 -57
367 177 -63
133 355 -60
337 184 -65
163 236 -28
150 441 -52
251 347 -71
291 313 -42
106 379 -43
435 441 -65
489 158 -46
470 443 -30
60 42 -52
355 463 -54
152 489 -79
15 112 -97
295 238 -32
451 152 -43
69 135 -12
185 179 -45
399 324 -56
385 483 -54
26 461 17
323 434 -26
420 460 -68
481 103 -27
120 135 -8
8 345 -43
454 333 -70
310 470 -21
488 457 -83
88 39 -51
451 246 -26
80 114 -56
111 154 -34
88 365 -98
295 119 -99
281 404 -61
468 235 -55
405 383 -71
417 101 -30
383 58 -70
235 452 -53
481 183 -67
204 114 -41
362 267 -28
335 302 -71
298 7 -39
109 207 -87
165 18 -81
298 495 -47
351 318 -58
393 287 -60
199 463 -40
174 463 -26
195 18 -35
58 183 -69
204 103 -47
193 85 -28
134 158 -39
260 381 -15
260 373 -74
463 287 -9
195 402 -39
80 291 -62
291 220 -49
177 171 -21
390 146 -31
88 353 -11
88 245 -24
108 485 -27
417 10 -94
217 64 -75
0 494 -73
45 301 -20
228 42 -65
386 490 -92
6 256 -88
329 491 -37
208 411 -59
49 82 -54
260 97 -19
122 344 -44
400 184 -32
124 491 -19
328 100 -28
103 189 -16
162 54 -18
103 81 -45
356 70 -33
157 402 -9
117 171 -58
284 5 -81
488 3 23
69 369 -17
69 468 -33
173 249 -46
93 494 -69
328 329 -35
177 329 -34
448 371 -27
349 190 -65
153 12 -68
454 166 -53
262 240 -14
190 151 -44
306 24 -24
497 86 -53
354 490 -71
471 350 -75
107 413 -44
359 464 -41
43 425 -36
327 2 -57
486 131 -21
359 32 -50
343 423 -42
89 491 -49
42 494 -60
269 32 -45
141 351 -32
13 312 -59
276 201 -30
43 491 -90
43 313 -36
24 151 -52
98 100 -32
342 73 -21
118 413 -29
1 356 -17
359 344 -61
481 31 -16
54 26 -14
462 299 -35
261 234 -16
375 435 7
126 158 -84
409 269 -93
126 443 -98
325 163 -15
314 246 -51
471 351 -13
354 7 -26
460 326 -57
403 7 -48
344 367 -41
251 136 -37
126 109 -91
492 333 -72
492 66 -54
185 399 -51
38 222 -7
230 404 -1
492 496 -37
492 420 -79
341 224 -51
85 251 -52
217 213 -34
316 273 -14
32 212 -23
272 247 -15
16 177 -21
385 162 -7
28 328 -11
242 31 -89
127 178 -9
127 94 -54
127 398 -83
127 396 -93
397 381 -37
398 55 -52
200 135 -26
120 196 0
129 413 -58
375 183 -52
448 368 -69
397 337 -50
474 323 -42
108 310 -28
335 148 -18
43 89 -10
85 220 -10
115 369 4
412 287 -93
39 101 -96
167 39 -63
167 219 -98
156 210 -72
234 140 -18
12 151 -54
54 493 -1
412 256 -100
278 470 -41
200 47 -37
200 277 -85
139 469 -34
242 254 -31
266 445 -26
40 361 -19
306 315 -28
447 131 -47
81 136 -40
236 112 -27
478 405 -63
360 457 -37
56 70 -46
103 150 -21
360 247 -12
155 150 -6
277 477 -30
462 213 -33
306 433 -28
68 153 -16
206 295 -22
335 421 -57
79 498 -77
54 96 -73
13 192 -42
126 174 -66
498 96 -1
80 195 -35
381 24 -81
346 23 -52
407 381 -34
407 100 -61
135 96 -14
197 299 0
60 51 -28
385 249 -40
109 255 -19
461 26 -60
110 45 -16
203 408 -67
230 225 -59
234 459 -52
394 494 -39
126 257 -20
331 249 -69
339 383 -53
426 295 -37
365 461 -43
365 470 -25
365 384 -66
69 59 -28
115 1 -23
438 119 -45
407 380 -34
353 483 -90
366 218 -21
187 429 -15
384 347 -33
353 69 -100
112 477 -14
93 163 -24
43 118 -16
187 384 -32
420 489 -3
433 137 -8
68 315 -10
446 421 1
192 14 -92
119 58 -39
359 444 -37
159 343 -24
115 257 -20
427 193 -21
195 51 -1
196 209 19
242 339 -14
164 445 -31
40 78 -23
85 274 -15
415 200 -22
246 72 21
403 236 -7
285 257 -11
251 78 -45
306 20 -51
170 269 -54
44 236 -10
412 171 -95
0 206 -16
246 376 -28
263 376 -70
354 373 -45
461 299 -6
148 180 -52
496 209 -32
27 138 -94
377 5 -54
79 138 -89
246 59 -25
171 352 -30
68 368 -38
427 498 -59
71 9 -55
189 72 -9
304 9 -91
396 72 -89
396 164 -18
496 354 -28
396 496 -11
278 482 -26
397 278 -20
133 489 -21
29 53 -69
229 116 -8
461 53 -63
148 9 -67
217 182 -34
182 482 -20
201 479 -36
242 357 -50
242 180 -3
194 421 -85
346 274 -14
482 173 -18
237 490 -5
279 200 5
247 128 -99
292 244 -19
229 273 -14
197 5 -9
423 361 -11
276 445 -25
212 417 -19
76 20 -35
365 180 34
77 146 -85
154 14 -67
32 386 -73
386 35 -47
490 210 2
416 236 -55
341 394 -5
485 210 -29
409 472 -72
61 122 -26
255 459 -17
479 421 -34
160 159 -41
386 227 -20
160 384 -79
372 209 -31
350 82 -12
449 73 -61
61 449 -15
326 483 -4
70 111 2
341 370 4
320 499 5
112 370 -23
498 499 -19
78 20 -6
415 54 -33
43 9 -90
56 227 -27
156 388 -33
365 322 -26
413 411 -22
413 24 -28
287 429 41
423 355 -25
114 1 -41
485 212 -5
230 400 -29
497 216 -10
461 129 2
140 54 10
278 139 -17
56 155 4
178 310 -64
61 208 -69
26 323 -7
218 310 15
383 192 -50
236 394 2
192 322 -33
206 203 6
187 353 2
95 236 4
54 155 18
284 273 7
438 460 9
284 479 -27
229 385 -91
327 457 -61
354 169 -68
127 51 -55
115 155 -42
133 162 -17
159 155 -78
318 414 -53
79 104 -40
376 334 -37
375 173 -30
178 114 -8
176 216 8
342 459 -72
446 90 -53
398 400 -32
261 419 -92
492 391 -70
453 58 -37
423 10 -4
39 191 -31
90 147 -36
159 15 13
397 335 -28
39 263 -66
39 87 -23
87 289 -19
103 263 2
358 98 -67
327 132 -41
348 78 12
196 141 13
232 487 -13
433 494 -55
432 65 -77
204 405 7
138 475 -34
39 277 -93
341 41 -23
0 91 -6
140 80 1
463 291 9
62 428 -54
392 391 -79
359 247 -64
359 317 -89
133 247 -14
357 102 -11
312 203 -50
235 138 -53
159 107 -11
420 199 -66
148 208 43
419 214 -15
57 214 -13
3 488 -25
3 428 -31
453 279 -54
3 41 -44
399 312 -50
10 490 3
196 138 1
256 367 3
312 351 -6
324 465 -66
364 60 -14
251 247 -6
165 298 -8
98 63 -26
178 292 -55
270 385 -33
349 88 17
374 15 -9
374 50 -15
421 498 9
498 126 33
107 134 -10
165 215 -56
10 288 -46
102 484 -60
207 190 -59
448 109 -29
371 197 16
193 223 -5
360 441 4
193 297 -5
354 297 -96
470 68 -6
378 230 -45
140 401 -99
149 137 -57
443 81 -30
237 199 -49
203 99 -93
298 316 -28
64 42 -55
344 395 -13
62 401 -11
436 216 -57
496 266 -40
444 223 -50
432 401 -30
436 400 -28
335 248 -25
156 41 -90
349 108 -25
137 274 -8
137 224 -33
483 174 -1
483 34 -2
173 248 -42
465 395 4
260 140 12
142 322 -91
322 258 -11
331 447 -4
57 248 -79
10 455 -44
439 304 -76
301 458 -2
144 199 -50
45 206 -41
195 63 10
301 368 -30
80 463 14
164 124 17
491 10 22
32 435 8
146 227 -7
303 177 -17
408 126 28
301 272 -73
193 8 17
354 306 4
233 153 -34
256 371 -54
429 304 -31
152 429 -15
297 455 0
52 29 -9
342 269 -2
45 235 -40
342 12 -26
217 296 1
131 292 -10
130 250 -74
282 327 22
280 342 5
21 165 11
76 478 -36
443 326 1
192 304 11
241 421 6
329 354 25
85 395 -42
96 17 -2
230 338 12
331 432 -90
452 183 -7
282 348 14
135 371 6
76 197 -38
417 9 -57
74 339 -28
398 13 -25
356 205 0
311 400 -15
402 253 -1
273 162 17
317 270 2
256 437 -42
213 431 -21
193 252 7
464 142 -17
312 270 18
142 198 -2
176 131 -1
433 115 28
253 15 4
130 222 14
30 352 19
464 441 -8
329 300 13
159 359 18
329 316 24
34 475 -4
105 177 -36
400 252 -29
400 216 -3
238 484 -89
50 218 -14
105 211 -36
288 190 -16
253 162 -25
314 27 -5
220 480 -6
430 499 -34
299 340 3
328 82 -8
361 11 5
412 99 -92
383 456 -3
312 431 -24
455 262 10
220 69 16
215 27 -25
232 221 17
241 138 -15
493 347 13
21 10 9
285 334 17
407 448 -83
436 418 -48
24 489 -10
385 264 -86
467 264 -70
427 268 -63
488 338 -24
470 154 -18
433 319 -71
310 264 -50
276 43 25
374 372 -9
411 124 -5
241 392 -46
165 98 -8
85 300 -32
419 319 -2
24 313 -29
109 475 30
333 456 7
11 460 29
308 340 -10
232 249 -17
246 163 12
208 304 -12
143 379 -1
311 417 20
433 142 21
372 52 14
228 456 -85
94 209 -93
145 154 -17
483 12 -40
314 263 11
378 121 -73
390 448 24
361 328 22
299 35 -63
299 131 -85
120 71 -54
444 249 -15
206 421 13
91 235 47
112 271 -53
315 169 59
398 433 -28
122 271 -55
188 450 -53
366 208 -1
339 391 -32
398 57 -15
152 445 16
92 18 -14
129 177 3
387 99 -41
387 269 -40
494 98 -12
494 408 26
370 107 39
355 264 -52
94 289 -94
403 40 -6
162 319 -30
294 71 -62
129 415 5
403 306 3
231 446 30
81 264 -98
129 81 9
370 102 34
71 473 -46
71 446 19
290 333 -61
326 473 -89
349 83 -57
465 17 6
386 395 9
188 276 28
310 183 25
216 301 44
318 446 -59
122 468 13
144 443 3
238 270 21
219 489 -83
218 383 -8
32 448 24
124 476 36
145 76 21
408 84 33
223 83 -36
454 39 30
146 111 -30
241 212 16
311 150 -15
69 188 30
407 360 4
178 264 -90
308 360 -17
62 473 -78
189 486 1
487 169 -95
38 65 -57
290 345 -9
487 202 0
128 9 -19
34 191 -13
128 191 -34
34 367 13
466 250 -82
466 327 -47
379 493 -23
466 476 -12
209 49 -9
468 421 -45
25 40 -17
468 372 -18
429 376 -22
208 40 1
19 352 -20
267 125 -42
210 475 -36
307 200 -53
290 312 -27
275 26 -53
429 368 -9
267 210 -8
429 115 -7
429 490 1
343 132 -85
219 2 17
410 17 -44
307 191 -97
66 95 -44
17 473 17
343 89 -21
42 65 -18
95 486 -26
440 102 -88
343 191 13
221 350 -43
410 292 -23
140 83 -76
314 79 -54
312 131 33
387 192 -35
430 101 -98
430 278 -45
220 467 -13
0 229 24
179 148 -1
85 79 -37
219 116 -45
195 228 6
195 317 -54
43 46 3
86 212 12
433 57 12
210 287 15
218 186 -61
350 26 9
343 42 -7
213 472 -4
185 180 -4
222 383 -66
487 458 4
353 67 7
307 185 1
25 391 11
495 244 15
301 359 31
387 247 -51
163 60 6
416 247 36
336 432 11
147 401 27
219 403 -61
366 432 -30
326 408 39
429 355 -31
311 26 7
278 325 20
495 92 -28
253 432 -68
61 36 -11
42 138 16
95 71 1
193 355 19
1 314 26
371 446 7
260 32 34
102 317 35
477 207 30
53 137 40
130 71 -52
248 266 32
487 25 26
184 194 -1
206 357 -3
78 173 -60
487 429 3
51 456 22
391 398 46
221 345 28
235 84 -19
88 49 1
60 161 -31
108 186 -24
299 361 25
90 288 34
26 173 22
139 376 10
151 465 8
160 208 24
179 58 -19
101 8 17
178 192 14
371 183 11
50 192 -48
400 165 44
123 425 7
349 465 9
195 161 -46
298 232 28
415 446 14
43 484 26
41 432 -48
495 465 -29
287 144 20
123 292 33
331 33 40
219 497 28
191 368 -20
244 376 5
352 142 3
379 191 27
474 44 -41
324 255 -49
69 48 -34
276 195 36
320 494 9
129 44 12
440 485 55
184 48 -20
53 41 18
337 398 -31
249 450 19
250 497 -1
1 38 36
43 218 38
61 350 21
219 316 -45
43 61 42
478 161 -26
155 412 31
302 165 19
225 484 -32
437 115 -10
315 267 32
214 33 -28
148 56 53
139 394 6
452 168 -81
118 421 -4
226 395 22
270 234 37
263 385 25
164 320 35
177 235 45
226 274 21
318 172 -77
60 349 18
157 117 22
3 187 -8
226 314 2
291 84 -3
286 51 -97
286 186 -40
286 266 -39
286 320 -24
286 39 -12
286 429 -4
132 8 -3
225 303 -16
169 190 -10
128 161 -92
394 335 11
267 128 -59
411 305 -3
286 371 -2
102 371 52
459 38 -12
170 297 8
430 169 11
61 318 -17
286 430 44
417 264 -86
478 393 -26
394 377 0
154 309 13
134 424 -39
281 393 -17
118 172 -99
388 106 -35
295 9 14
286 413 -76
92 432 -32
92 51 -3
413 121 -48
164 431 15
37 317 -69
417 250 25
148 420 17
219 435 -87
354 244 17
89 84 -5
256 424 9
178 70 23
143 154 29
493 8 34
22 163 22
194 341 5
429 194 39
392 121 -72
417 149 54
266 21 54
463 401 56
379 174 15
379 462 13
241 284 -40
241 149 19
37 319 32
349 28 15
495 138 -67
275 303 38
329 121 32
20 433 35
356 420 18
108 379 56
295 57 8
3 388 -18
46 432 21
221 98 -36
185 460 26
81 403 27
42 282 -7
410 209 8
410 194 -44
441 197 14
239 294 -25
256 159 18
377 424 -70
299 480 4
410 140 -56
447 248 19
118 163 25
229 317 56
7 289 -46
272 178 41
115 121 -38
384 97 -8
115 234 39
157 16 38
47 105 -40
254 470 8
153 167 31
492 341 0
385 329 45
197 385 55
101 396 18
208 264 25
364 341 -1
89 106 3
389 60 23
203 389 12
290 424 -37
440 281 -18
81 109 20
442 190 -90
46 230 -6
295 185 29
162 121 -56
101 25 -3
101 399 41
35 254 49
472 303 10
346 279 33
101 422 -90
440 304 -11
351 280 26
171 319 34
324 171 41
293 163 -31
337 372 -50
115 48 0
497 109 -1
141 38 1
282 284 31
293 7 22
100 402 22
100 109 33
293 254 33
351 456 19
314 220 34
493 48 -7
478 304 9
98 319 30
26 454 53
442 447 -33
442 99 -31
139 264 21
34 329 20
291 296 49
349 336 64
232 22 60
89 191 44
259 185 -40
188 70 7
133 22 2
305 378 29
443 377 -9
315 284 -1
476 443 42
338 497 63
259 56 -87
259 21 27
214 374 52
414 409 28
404 305 12
177 490 84
404 339 -1
144 249 49
398 374 44
100 188 53
50 374 65
45 382 31
444 58 -9
116 325 24
6 292 -35
408 85 40
42 155 59
291 319 20
252 319 -27
91 418 41
497 305 32
147 447 43
97 16 2
366 358 -85
429 358 -93
6 131 -25
218 424 -9
199 289 0
353 385 19
156 309 9
97 420 23
348 329 -9
305 485 41
299 207 59
125 325 20
388 365 34
282 231 -68
489 11 -1
311 214 53
498 231 -14
10 285 -10
403 46 45
79 358 -45
86 359 20
460 190 25
116 91 -39
53 247 40
260 231 -46
392 231 -79
458 185 16
458 374 -23
285 427 7
167 396 32
496 217 -3
203 346 40
321 459 17
287 58 22
277 448 31
94 237 11
74 25 10
81 300 -51
300 136 51
380 174 49
180 174 34
74 165 27
180 226 41
361 149 -10
209 220 24
209 377 1
205 284 1
370 113 38
74 295 -43
8 142 41
409 336 34
96 407 35
96 408 41
309 189 26
51 484 38
70 309 29
82 124 -3
361 105 46
213 396 33
397 392 50
361 329 -17
94 90 45
315 65 -62
483 56 37
185 56 27
218 263 -25
34 243 8
444 113 -26
203 426 59
278 268 10
144 90 -27
108 71 45
347 454 15
460 32 -4
343 17 26
108 331 59
494 10 48
423 426 -67
9 292 39
19 41 -12
222 232 29
462 164 30
150 91 8
26 113 -33
125 418 -14
463 113 -47
